<?xml version="1.0" encoding="UTF-8"?>
<!-- Generated by org.testng.reporters.JUnitXMLReporter -->
<testsuite ignored="0" hostname="DESKTOP-JMKPFCS" failures="1" tests="4" name="Test" time="185.032" errors="0" timestamp="2024-02-22T14:05:22 IST">
  <testcase classname="testCases.TC_001_Account_Registration_Test" name="Verify_account_Registration" time="14.257"/>
  <testcase classname="testCases.TC_002_Login_Test" name="Login_Test" time="6.519"/>
  <testcase classname="testCases.TC_004_Search_Product" name="search_product" time="19.573">
    <failure type="java.lang.AssertionError" message="expected [true] but found [false]">
      <![CDATA[java.lang.AssertionError: expected [true] but found [false]
at testCases.TC_004_Search_Product.search_product(TC_004_Search_Product.java:47)
at java.base/java.util.ArrayList.forEach(ArrayList.java:1596)
... Removed 36 stack frames]]>
    </failure>
  </testcase> <!-- search_product -->
  <testcase classname="testCases.TC_005_Search_Product_Invalid" name="search_Invalid_product" time="18.854"/>
</testsuite> <!-- Test -->
