<?xml version="1.0" encoding="UTF-8"?>
<!-- Generated by org.testng.reporters.JUnitXMLReporter -->
<testsuite ignored="0" hostname="DESKTOP-JMKPFCS" failures="1" tests="2" name="Test(failed)" time="51.48" errors="0" timestamp="2024-02-13T12:35:46 IST">
  <testcase classname="testCases.TC_002_Login_Test" name="Login_Test" time="22.278">
    <failure type="java.lang.AssertionError" message="null">
      <![CDATA[java.lang.AssertionError: null
at testCases.TC_002_Login_Test.Login_Test(TC_002_Login_Test.java:54)
at java.base/java.util.ArrayList.forEach(ArrayList.java:1596)
... Removed 27 stack frames]]>
    </failure>
  </testcase> <!-- Login_Test -->
  <testcase classname="testCases.TC_001_Account_Registration_Test" name="Verify_account_Registration" time="6.047"/>
</testsuite> <!-- Test(failed) -->
