<?xml version="1.0" encoding="UTF-8"?>
<testng-results ignored="0" total="4" passed="3" failed="1" skipped="0">
  <reporter-output>
  </reporter-output>
  <suite started-at="2024-02-22T14:02:16 IST" name="Suite" finished-at="2024-02-22T14:05:21 IST" duration-ms="185032">
    <groups>
      <group name="Master">
        <method signature="TC_001_Account_Registration_Test.Verify_account_Registration()[pri:0, instance:testCases.TC_001_Account_Registration_Test@6356695f]" name="Verify_account_Registration" class="testCases.TC_001_Account_Registration_Test"/>
        <method signature="TC_002_Login_Test.Login_Test()[pri:0, instance:testCases.TC_002_Login_Test@4fb61f4a]" name="Login_Test" class="testCases.TC_002_Login_Test"/>
        <method signature="TC_004_Search_Product.search_product()[pri:0, instance:testCases.TC_004_Search_Product@4fb0f2b9]" name="search_product" class="testCases.TC_004_Search_Product"/>
      </group> <!-- Master -->
      <group name="Sanity">
        <method signature="TC_002_Login_Test.Login_Test()[pri:0, instance:testCases.TC_002_Login_Test@4fb61f4a]" name="Login_Test" class="testCases.TC_002_Login_Test"/>
      </group> <!-- Sanity -->
      <group name="Regression">
        <method signature="TC_001_Account_Registration_Test.Verify_account_Registration()[pri:0, instance:testCases.TC_001_Account_Registration_Test@6356695f]" name="Verify_account_Registration" class="testCases.TC_001_Account_Registration_Test"/>
        <method signature="TC_005_Search_Product_Invalid.search_Invalid_product()[pri:0, instance:testCases.TC_005_Search_Product_Invalid@79924b]" name="search_Invalid_product" class="testCases.TC_005_Search_Product_Invalid"/>
      </group> <!-- Regression -->
    </groups>
    <test started-at="2024-02-22T14:02:16 IST" name="Test" finished-at="2024-02-22T14:05:21 IST" duration-ms="185032">
      <class name="testCases.TC_004_Search_Product">
        <test-method is-config="true" signature="setup(java.lang.String,java.lang.String)[pri:0, instance:testCases.TC_004_Search_Product@4fb0f2b9]" started-at="2024-02-22T14:04:04 IST" name="setup" finished-at="2024-02-22T14:04:27 IST" duration-ms="22444" status="PASS">
          <params>
            <param index="0">
              <value>
                <![CDATA[Windows]]>
              </value>
            </param>
            <param index="1">
              <value>
                <![CDATA[chrome]]>
              </value>
            </param>
          </params>
          <reporter-output>
          </reporter-output>
        </test-method> <!-- setup -->
        <test-method signature="search_product()[pri:0, instance:testCases.TC_004_Search_Product@4fb0f2b9]" started-at="2024-02-22T14:04:27 IST" name="search_product" finished-at="2024-02-22T14:04:46 IST" duration-ms="19573" status="FAIL">
          <exception class="java.lang.AssertionError">
            <message>
              <![CDATA[expected [true] but found [false]]]>
            </message>
            <full-stacktrace>
              <![CDATA[java.lang.AssertionError: expected [true] but found [false]
at org.testng.Assert.fail(Assert.java:111)
at org.testng.Assert.failNotEquals(Assert.java:1578)
at org.testng.Assert.assertEqualsImpl(Assert.java:150)
at org.testng.Assert.assertEquals(Assert.java:132)
at org.testng.Assert.assertEquals(Assert.java:1067)
at org.testng.Assert.assertEquals(Assert.java:1031)
at org.testng.Assert.assertEquals(Assert.java:1077)
at testCases.TC_004_Search_Product.search_product(TC_004_Search_Product.java:47)
at java.base/jdk.internal.reflect.DirectMethodHandleAccessor.invoke(DirectMethodHandleAccessor.java:103)
at java.base/java.lang.reflect.Method.invoke(Method.java:580)
at org.testng.internal.invokers.MethodInvocationHelper.invokeMethod(MethodInvocationHelper.java:139)
at org.testng.internal.invokers.TestInvoker.invokeMethod(TestInvoker.java:664)
at org.testng.internal.invokers.TestInvoker.invokeTestMethod(TestInvoker.java:228)
at org.testng.internal.invokers.MethodRunner.runInSequence(MethodRunner.java:63)
at org.testng.internal.invokers.TestInvoker$MethodInvocationAgent.invoke(TestInvoker.java:961)
at org.testng.internal.invokers.TestInvoker.invokeTestMethods(TestInvoker.java:201)
at org.testng.internal.invokers.TestMethodWorker.invokeTestMethods(TestMethodWorker.java:148)
at org.testng.internal.invokers.TestMethodWorker.run(TestMethodWorker.java:128)
at java.base/java.util.ArrayList.forEach(ArrayList.java:1596)
at org.testng.TestRunner.privateRun(TestRunner.java:819)
at org.testng.TestRunner.run(TestRunner.java:619)
at org.testng.SuiteRunner.runTest(SuiteRunner.java:443)
at org.testng.SuiteRunner.runSequentially(SuiteRunner.java:437)
at org.testng.SuiteRunner.privateRun(SuiteRunner.java:397)
at org.testng.SuiteRunner.run(SuiteRunner.java:336)
at org.testng.SuiteRunnerWorker.runSuite(SuiteRunnerWorker.java:52)
at org.testng.SuiteRunnerWorker.run(SuiteRunnerWorker.java:95)
at org.testng.TestNG.runSuitesSequentially(TestNG.java:1301)
at org.testng.TestNG.runSuitesLocally(TestNG.java:1228)
at org.testng.TestNG.runSuites(TestNG.java:1134)
at org.testng.TestNG.run(TestNG.java:1101)
at org.apache.maven.surefire.testng.TestNGExecutor.run(TestNGExecutor.java:308)
at org.apache.maven.surefire.testng.TestNGXmlTestSuite.execute(TestNGXmlTestSuite.java:71)
at org.apache.maven.surefire.testng.TestNGProvider.invoke(TestNGProvider.java:113)
at org.apache.maven.surefire.booter.ForkedBooter.runSuitesInProcess(ForkedBooter.java:385)
at org.apache.maven.surefire.booter.ForkedBooter.execute(ForkedBooter.java:162)
at org.apache.maven.surefire.booter.ForkedBooter.run(ForkedBooter.java:507)
at org.apache.maven.surefire.booter.ForkedBooter.main(ForkedBooter.java:495)
]]>
            </full-stacktrace>
          </exception> <!-- java.lang.AssertionError -->
          <reporter-output>
          </reporter-output>
        </test-method> <!-- search_product -->
        <test-method is-config="true" signature="teardown()[pri:0, instance:testCases.TC_004_Search_Product@4fb0f2b9]" started-at="2024-02-22T14:04:47 IST" name="teardown" finished-at="2024-02-22T14:04:47 IST" duration-ms="443" status="PASS">
          <reporter-output>
          </reporter-output>
        </test-method> <!-- teardown -->
      </class> <!-- testCases.TC_004_Search_Product -->
      <class name="testCases.TC_005_Search_Product_Invalid">
        <test-method is-config="true" signature="setup(java.lang.String,java.lang.String)[pri:0, instance:testCases.TC_005_Search_Product_Invalid@79924b]" started-at="2024-02-22T14:04:47 IST" name="setup" finished-at="2024-02-22T14:05:02 IST" duration-ms="14599" status="PASS">
          <params>
            <param index="0">
              <value>
                <![CDATA[Windows]]>
              </value>
            </param>
            <param index="1">
              <value>
                <![CDATA[chrome]]>
              </value>
            </param>
          </params>
          <reporter-output>
          </reporter-output>
        </test-method> <!-- setup -->
        <test-method signature="search_Invalid_product()[pri:0, instance:testCases.TC_005_Search_Product_Invalid@79924b]" started-at="2024-02-22T14:05:02 IST" name="search_Invalid_product" finished-at="2024-02-22T14:05:21 IST" duration-ms="18854" status="PASS">
          <reporter-output>
          </reporter-output>
        </test-method> <!-- search_Invalid_product -->
        <test-method is-config="true" signature="teardown()[pri:0, instance:testCases.TC_005_Search_Product_Invalid@79924b]" started-at="2024-02-22T14:05:21 IST" name="teardown" finished-at="2024-02-22T14:05:21 IST" duration-ms="668" status="PASS">
          <reporter-output>
          </reporter-output>
        </test-method> <!-- teardown -->
      </class> <!-- testCases.TC_005_Search_Product_Invalid -->
      <class name="testCases.TC_002_Login_Test">
        <test-method is-config="true" signature="setup(java.lang.String,java.lang.String)[pri:0, instance:testCases.TC_002_Login_Test@4fb61f4a]" started-at="2024-02-22T14:03:27 IST" name="setup" finished-at="2024-02-22T14:03:57 IST" duration-ms="30308" status="PASS">
          <params>
            <param index="0">
              <value>
                <![CDATA[Windows]]>
              </value>
            </param>
            <param index="1">
              <value>
                <![CDATA[chrome]]>
              </value>
            </param>
          </params>
          <reporter-output>
          </reporter-output>
        </test-method> <!-- setup -->
        <test-method signature="Login_Test()[pri:0, instance:testCases.TC_002_Login_Test@4fb61f4a]" started-at="2024-02-22T14:03:57 IST" name="Login_Test" finished-at="2024-02-22T14:04:04 IST" duration-ms="6519" status="PASS">
          <reporter-output>
          </reporter-output>
        </test-method> <!-- Login_Test -->
        <test-method is-config="true" signature="teardown()[pri:0, instance:testCases.TC_002_Login_Test@4fb61f4a]" started-at="2024-02-22T14:04:04 IST" name="teardown" finished-at="2024-02-22T14:04:04 IST" duration-ms="330" status="PASS">
          <reporter-output>
          </reporter-output>
        </test-method> <!-- teardown -->
      </class> <!-- testCases.TC_002_Login_Test -->
      <class name="testCases.TC_001_Account_Registration_Test">
        <test-method is-config="true" signature="setup(java.lang.String,java.lang.String)[pri:0, instance:testCases.TC_001_Account_Registration_Test@6356695f]" started-at="2024-02-22T14:02:17 IST" name="setup" finished-at="2024-02-22T14:03:12 IST" duration-ms="55045" status="PASS">
          <params>
            <param index="0">
              <value>
                <![CDATA[Windows]]>
              </value>
            </param>
            <param index="1">
              <value>
                <![CDATA[chrome]]>
              </value>
            </param>
          </params>
          <reporter-output>
          </reporter-output>
        </test-method> <!-- setup -->
        <test-method signature="Verify_account_Registration()[pri:0, instance:testCases.TC_001_Account_Registration_Test@6356695f]" started-at="2024-02-22T14:03:12 IST" name="Verify_account_Registration" finished-at="2024-02-22T14:03:26 IST" duration-ms="14257" status="PASS">
          <reporter-output>
          </reporter-output>
        </test-method> <!-- Verify_account_Registration -->
        <test-method is-config="true" signature="teardown()[pri:0, instance:testCases.TC_001_Account_Registration_Test@6356695f]" started-at="2024-02-22T14:03:26 IST" name="teardown" finished-at="2024-02-22T14:03:27 IST" duration-ms="606" status="PASS">
          <reporter-output>
          </reporter-output>
        </test-method> <!-- teardown -->
      </class> <!-- testCases.TC_001_Account_Registration_Test -->
    </test> <!-- Test -->
  </suite> <!-- Suite -->
</testng-results>
